<?xml version="1.0" encoding="UTF-8"?>
<testsuite xmlns:xsi="http://www.w3.org/2001/XMLSchema-instance" xsi:noNamespaceSchemaLocation="https://maven.apache.org/surefire/maven-surefire-plugin/xsd/surefire-test-report.xsd" name="com.una.citasmedicas.controller.usuario.UsuarioControllerTest" time="0.002" tests="4" errors="0" skipped="0" failures="3">
  <properties>
    <property name="java.specification.version" value="17"/>
    <property name="sun.cpu.isalist" value="amd64"/>
    <property name="sun.jnu.encoding" value="Cp1252"/>
    <property name="java.class.path" value="C:\Users\vsj94\OneDrive\Escritorio\progra II\Proyecto@@\CitasMedicas\citasMedicas\target\test-classes;C:\Users\vsj94\OneDrive\Escritorio\progra II\Proyecto@@\CitasMedicas\citasMedicas\target\classes;C:\Users\vsj94\.m2\repository\org\junit\jupiter\junit-jupiter-api\5.6.0\junit-jupiter-api-5.6.0.jar;C:\Users\vsj94\.m2\repository\org\apiguardian\apiguardian-api\1.1.0\apiguardian-api-1.1.0.jar;C:\Users\vsj94\.m2\repository\org\opentest4j\opentest4j\1.2.0\opentest4j-1.2.0.jar;C:\Users\vsj94\.m2\repository\org\junit\platform\junit-platform-commons\1.6.0\junit-platform-commons-1.6.0.jar;C:\Users\vsj94\.m2\repository\org\junit\jupiter\junit-jupiter-params\5.6.0\junit-jupiter-params-5.6.0.jar;C:\Users\vsj94\.m2\repository\org\junit\jupiter\junit-jupiter-engine\5.6.0\junit-jupiter-engine-5.6.0.jar;C:\Users\vsj94\.m2\repository\org\junit\platform\junit-platform-engine\1.6.0\junit-platform-engine-1.6.0.jar;C:\Users\vsj94\.m2\repository\org\netbeans\external\AbsoluteLayout\RELEASE140\AbsoluteLayout-RELEASE140.jar;"/>
    <property name="java.vm.vendor" value="Oracle Corporation"/>
    <property name="sun.arch.data.model" value="64"/>
    <property name="user.variant" value=""/>
    <property name="java.vendor.url" value="https://java.oracle.com/"/>
    <property name="user.timezone" value="America/Costa_Rica"/>
    <property name="os.name" value="Windows 11"/>
    <property name="java.vm.specification.version" value="17"/>
    <property name="user.country" value="ES"/>
    <property name="sun.java.launcher" value="SUN_STANDARD"/>
    <property name="sun.boot.library.path" value="C:\Program Files\Java\jdk-17.0.2\bin"/>
    <property name="sun.java.command" value="C:\Users\vsj94\AppData\Local\Temp\surefire1617271055959032940\surefirebooter5117409074672647030.jar C:\Users\vsj94\AppData\Local\Temp\surefire1617271055959032940 2022-06-19T12-42-43_372-jvmRun1 surefire17942197936331621777tmp surefire_08901491939826488745tmp"/>
    <property name="jdk.debug" value="release"/>
    <property name="surefire.test.class.path" value="C:\Users\vsj94\OneDrive\Escritorio\progra II\Proyecto@@\CitasMedicas\citasMedicas\target\test-classes;C:\Users\vsj94\OneDrive\Escritorio\progra II\Proyecto@@\CitasMedicas\citasMedicas\target\classes;C:\Users\vsj94\.m2\repository\org\junit\jupiter\junit-jupiter-api\5.6.0\junit-jupiter-api-5.6.0.jar;C:\Users\vsj94\.m2\repository\org\apiguardian\apiguardian-api\1.1.0\apiguardian-api-1.1.0.jar;C:\Users\vsj94\.m2\repository\org\opentest4j\opentest4j\1.2.0\opentest4j-1.2.0.jar;C:\Users\vsj94\.m2\repository\org\junit\platform\junit-platform-commons\1.6.0\junit-platform-commons-1.6.0.jar;C:\Users\vsj94\.m2\repository\org\junit\jupiter\junit-jupiter-params\5.6.0\junit-jupiter-params-5.6.0.jar;C:\Users\vsj94\.m2\repository\org\junit\jupiter\junit-jupiter-engine\5.6.0\junit-jupiter-engine-5.6.0.jar;C:\Users\vsj94\.m2\repository\org\junit\platform\junit-platform-engine\1.6.0\junit-platform-engine-1.6.0.jar;C:\Users\vsj94\.m2\repository\org\netbeans\external\AbsoluteLayout\RELEASE140\AbsoluteLayout-RELEASE140.jar;"/>
    <property name="sun.cpu.endian" value="little"/>
    <property name="user.home" value="C:\Users\vsj94"/>
    <property name="user.language" value="es"/>
    <property name="java.specification.vendor" value="Oracle Corporation"/>
    <property name="java.version.date" value="2022-01-18"/>
    <property name="java.home" value="C:\Program Files\Java\jdk-17.0.2"/>
    <property name="file.separator" value="\"/>
    <property name="basedir" value="C:\Users\vsj94\OneDrive\Escritorio\progra II\Proyecto@@\CitasMedicas\citasMedicas"/>
    <property name="java.vm.compressedOopsMode" value="Zero based"/>
    <property name="line.separator" value="&#10;"/>
    <property name="java.vm.specification.vendor" value="Oracle Corporation"/>
    <property name="java.specification.name" value="Java Platform API Specification"/>
    <property name="surefire.real.class.path" value="C:\Users\vsj94\AppData\Local\Temp\surefire1617271055959032940\surefirebooter5117409074672647030.jar"/>
    <property name="user.script" value=""/>
    <property name="sun.management.compiler" value="HotSpot 64-Bit Tiered Compilers"/>
    <property name="java.runtime.version" value="17.0.2+8-LTS-86"/>
    <property name="user.name" value="vsj94"/>
    <property name="path.separator" value=";"/>
    <property name="os.version" value="10.0"/>
    <property name="java.runtime.name" value="Java(TM) SE Runtime Environment"/>
    <property name="file.encoding" value="UTF-8"/>
    <property name="java.vm.name" value="Java HotSpot(TM) 64-Bit Server VM"/>
    <property name="maven.ext.class.path" value="C:\Program Files\NetBeans-12.6\netbeans\java\maven-nblib\netbeans-eventspy.jar"/>
    <property name="localRepository" value="C:\Users\vsj94\.m2\repository"/>
    <property name="java.vendor.url.bug" value="https://bugreport.java.com/bugreport/"/>
    <property name="java.io.tmpdir" value="C:\Users\vsj94\AppData\Local\Temp\"/>
    <property name="java.version" value="17.0.2"/>
    <property name="user.dir" value="C:\Users\vsj94\OneDrive\Escritorio\progra II\Proyecto@@\CitasMedicas\citasMedicas"/>
    <property name="os.arch" value="amd64"/>
    <property name="java.vm.specification.name" value="Java Virtual Machine Specification"/>
    <property name="sun.os.patch.level" value=""/>
    <property name="native.encoding" value="Cp1252"/>
    <property name="java.library.path" value="C:\Program Files\Java\jdk-17.0.2\bin;C:\WINDOWS\Sun\Java\bin;C:\WINDOWS\system32;C:\WINDOWS;C:\Program Files\Common Files\Oracle\Java\javapath;C:\WINDOWS\system32;C:\WINDOWS;C:\WINDOWS\System32\Wbem;C:\WINDOWS\System32\WindowsPowerShell\v1.0\;C:\WINDOWS\System32\OpenSSH\;C:\Program Files\Wolfram Research\WolframScript\;C:\Users\vsj94\AppData\Local\Microsoft\WindowsApps;C:\Users\vsj94\AppData\Local\GitHubDesktop\bin;."/>
    <property name="java.vm.info" value="mixed mode, sharing"/>
    <property name="java.vendor" value="Oracle Corporation"/>
    <property name="java.vm.version" value="17.0.2+8-LTS-86"/>
    <property name="sun.io.unicode.encoding" value="UnicodeLittle"/>
    <property name="java.class.version" value="61.0"/>
  </properties>
  <testcase name="testAgregar" classname="com.una.citasmedicas.controller.usuario.UsuarioControllerTest" time="0"/>
  <testcase name="testModificar" classname="com.una.citasmedicas.controller.usuario.UsuarioControllerTest" time="0">
    <failure message="expected: &lt;&gt; but was: &lt;No se encontro un usuario igual &gt;" type="org.opentest4j.AssertionFailedError"><![CDATA[org.opentest4j.AssertionFailedError: expected: <> but was: <No se encontro un usuario igual >
	at com.una.citasmedicas.controller.usuario.UsuarioControllerTest.testModificar(UsuarioControllerTest.java:65)
]]></failure>
    <system-out><![CDATA[modificar
]]></system-out>
  </testcase>
  <testcase name="testEliminar" classname="com.una.citasmedicas.controller.usuario.UsuarioControllerTest" time="0">
    <failure message="expected: &lt;&gt; but was: &lt;Error no se a borrado el objeto. &gt;" type="org.opentest4j.AssertionFailedError"><![CDATA[org.opentest4j.AssertionFailedError: expected: <> but was: <Error no se a borrado el objeto. >
	at com.una.citasmedicas.controller.usuario.UsuarioControllerTest.testEliminar(UsuarioControllerTest.java:80)
]]></failure>
    <system-out><![CDATA[eliminar
]]></system-out>
  </testcase>
  <testcase name="testMostrar" classname="com.una.citasmedicas.controller.usuario.UsuarioControllerTest" time="0.001">
    <failure message="The test case is a prototype." type="org.opentest4j.AssertionFailedError">org.opentest4j.AssertionFailedError: The test case is a prototype.
	at com.una.citasmedicas.controller.usuario.UsuarioControllerTest.testMostrar(UsuarioControllerTest.java:94)
</failure>
    <system-out><![CDATA[mostrar
====================================
||        Usuario: pino
||        Cedula: 123
||        Nombre:pepe
||        Apellido: a
||        Telefono:45
||        Email: @
||        Direccion: sur
||        Fecha de nacimiento: 12/11
====================================
]]></system-out>
  </testcase>
</testsuite>